<?xml version="1.0" encoding="UTF-8"?>
<testng-results ignored="0" total="1" passed="1" failed="0" skipped="0">
  <reporter-output>
  </reporter-output>
  <suite started-at="2022-09-26T16:44:17 IST" name="Default suite" finished-at="2022-09-26T16:44:24 IST" duration-ms="7756">
    <groups>
    </groups>
    <test started-at="2022-09-26T16:44:17 IST" name="Default test" finished-at="2022-09-26T16:44:24 IST" duration-ms="7756">
      <class name="test.test">
        <test-method signature="setup()[pri:0, instance:test.test@34f7cfd9]" started-at="2022-09-26T16:44:17 IST" name="setup" finished-at="2022-09-26T16:44:24 IST" duration-ms="7649" status="PASS">
          <reporter-output>
          </reporter-output>
        </test-method> <!-- setup -->
      </class> <!-- test.test -->
    </test> <!-- Default test -->
  </suite> <!-- Default suite -->
</testng-results>
